================================================================================
INJECTED FAULT DETECTION REPORT
================================================================================
Generated: 2026-01-16 18:01:03
Allure Results Directory: target/allure-results/trainticket

--------------------------------------------------------------------------------
SUMMARY
--------------------------------------------------------------------------------
Total Known Injected Faults: 10
Total Detected Faults: 3

Unique Fault Types Detected: 1 / 10

--------------------------------------------------------------------------------
DETECTED FAULTS
--------------------------------------------------------------------------------

1. INVALID_ORDER_ID_LENGTH_FAULT
   Test: attachment:58aaf64c-e5fd-461b-94a2-12217bbc0403-attachment.html
   Status: unknown
   Message: Order deletion rejected: orderId length must be between 10 and 50 characters
   Details: OrderID: 'respite', Length: 7

2. INVALID_ORDER_ID_LENGTH_FAULT
   Test: attachment:b2ceebcb-b94e-40c0-98f5-cad615ca91c2-attachment.html
   Status: unknown
   Message: Order deletion rejected: orderId length must be between 10 and 50 characters
   Details: OrderID: 'conflate', Length: 8

3. INVALID_ORDER_ID_LENGTH_FAULT
   Test: attachment:f6fc63a0-905e-4801-a0c4-ce92ae5ff228-attachment.html
   Status: unknown
   Message: Order deletion rejected: orderId length must be between 10 and 50 characters
   Details: OrderID: 'clear-cut', Length: 9

--------------------------------------------------------------------------------
UNDETECTED FAULTS (from known list)
--------------------------------------------------------------------------------
The following 10 faults were NOT detected:
  - INVALID_ROUTE_ID_FAULT
    Service: ts-admin-basic-info-service
    API: POST /api/v1/adminbasicservice/adminbasic/prices
  - INVALID_STATION_NAME_LENGTH_FAULT
    Service: ts-admin-route-service
    API: POST /api/v1/adminrouteservice/adminroute
  - INVALID_CONTACTS_NAME_FAULT
    Service: ts-admin-order-service
    API: POST /api/v1/adminorderservice/adminorder, PUT /api/v1/adminorderservice/adminorder
  - INVALID_STATION_NAME_FAULT
    Service: ts-travel-plan-service
    API: POST /api/v1/travelplanservice/travelPlan/minStation
  - INVALID_TRIP_ID_FORMAT_FAULT
    Service: ts-admin-travel-service
    API: DELETE /api/v1/admintravelservice/admintravel/{tripId}
  - INVALID_STATION_LENGTH_FAULT
    Service: ts-travel-plan-service
    API: POST /api/v1/travelplanservice/travelPlan/minStation
  - INVALID_PRICE_RATE_FAULT
    Service: ts-admin-basic-info-service
    API: POST /api/v1/adminbasicservice/adminbasic/prices
  - INVALID_TRIP_ID_LENGTH_FAULT
    Service: ts-admin-travel-service
    API: DELETE /api/v1/admintravelservice/admintravel/{tripId}
  - INVALID_SEAT_NUMBER_FAULT
    Service: ts-admin-order-service
    API: POST /api/v1/adminorderservice/adminorder, PUT /api/v1/adminorderservice/adminorder
  - INSUFFICIENT_STATIONS_FAULT
    Service: ts-admin-route-service
    API: POST /api/v1/adminrouteservice/adminroute

--------------------------------------------------------------------------------
NEWLY DISCOVERED FAULTS (not in known list)
--------------------------------------------------------------------------------
The following 3 faults are NEW (not in known list):
  - INVALID_ORDER_ID_LENGTH_FAULT
    Test: attachment:58aaf64c-e5fd-461b-94a2-12217bbc0403-attachment.html
    Message: Order deletion rejected: orderId length must be between 10 and 50 characters
  - INVALID_ORDER_ID_LENGTH_FAULT
    Test: attachment:b2ceebcb-b94e-40c0-98f5-cad615ca91c2-attachment.html
    Message: Order deletion rejected: orderId length must be between 10 and 50 characters
  - INVALID_ORDER_ID_LENGTH_FAULT
    Test: attachment:f6fc63a0-905e-4801-a0c4-ce92ae5ff228-attachment.html
    Message: Order deletion rejected: orderId length must be between 10 and 50 characters

================================================================================
END OF REPORT
================================================================================
